[0.009s] Invoking command in '/home/vivek/multi-bot-nav/multi-bot_ws/build/my_bot': CMAKE_PREFIX_PATH=${CMAKE_PREFIX_PATH}:/opt/ros/humble /usr/bin/cmake --build /home/vivek/multi-bot-nav/multi-bot_ws/build/my_bot -- -j8 -l8
[0.040s] Invoked command in '/home/vivek/multi-bot-nav/multi-bot_ws/build/my_bot' returned '0': CMAKE_PREFIX_PATH=${CMAKE_PREFIX_PATH}:/opt/ros/humble /usr/bin/cmake --build /home/vivek/multi-bot-nav/multi-bot_ws/build/my_bot -- -j8 -l8
[0.048s] Invoking command in '/home/vivek/multi-bot-nav/multi-bot_ws/build/my_bot': CMAKE_PREFIX_PATH=${CMAKE_PREFIX_PATH}:/opt/ros/humble /usr/bin/cmake --install /home/vivek/multi-bot-nav/multi-bot_ws/build/my_bot
[0.054s] -- Install configuration: ""
[0.054s] -- Execute custom install script
[0.055s] -- Up-to-date symlink: /home/vivek/multi-bot-nav/multi-bot_ws/install/my_bot/share/my_bot/description/gazebo_control.xacro
[0.055s] -- Up-to-date symlink: /home/vivek/multi-bot-nav/multi-bot_ws/install/my_bot/share/my_bot/description/inertia_macros.xacro
[0.055s] -- Up-to-date symlink: /home/vivek/multi-bot-nav/multi-bot_ws/install/my_bot/share/my_bot/description/lidar.xacro
[0.055s] -- Up-to-date symlink: /home/vivek/multi-bot-nav/multi-bot_ws/install/my_bot/share/my_bot/description/robot.urdf.xacro
[0.055s] -- Up-to-date symlink: /home/vivek/multi-bot-nav/multi-bot_ws/install/my_bot/share/my_bot/description/robot_core.xacro
[0.055s] -- Up-to-date symlink: /home/vivek/multi-bot-nav/multi-bot_ws/install/my_bot/share/my_bot/launch/display.launch.py
[0.055s] -- Up-to-date symlink: /home/vivek/multi-bot-nav/multi-bot_ws/install/my_bot/share/ament_index/resource_index/package_run_dependencies/my_bot
[0.055s] -- Up-to-date symlink: /home/vivek/multi-bot-nav/multi-bot_ws/install/my_bot/share/ament_index/resource_index/parent_prefix_path/my_bot
[0.056s] -- Up-to-date symlink: /home/vivek/multi-bot-nav/multi-bot_ws/install/my_bot/share/my_bot/environment/ament_prefix_path.sh
[0.056s] -- Up-to-date symlink: /home/vivek/multi-bot-nav/multi-bot_ws/install/my_bot/share/my_bot/environment/ament_prefix_path.dsv
[0.056s] -- Up-to-date symlink: /home/vivek/multi-bot-nav/multi-bot_ws/install/my_bot/share/my_bot/environment/path.sh
[0.056s] -- Up-to-date symlink: /home/vivek/multi-bot-nav/multi-bot_ws/install/my_bot/share/my_bot/environment/path.dsv
[0.056s] -- Up-to-date symlink: /home/vivek/multi-bot-nav/multi-bot_ws/install/my_bot/share/my_bot/local_setup.bash
[0.056s] -- Up-to-date symlink: /home/vivek/multi-bot-nav/multi-bot_ws/install/my_bot/share/my_bot/local_setup.sh
[0.056s] -- Up-to-date symlink: /home/vivek/multi-bot-nav/multi-bot_ws/install/my_bot/share/my_bot/local_setup.zsh
[0.056s] -- Up-to-date symlink: /home/vivek/multi-bot-nav/multi-bot_ws/install/my_bot/share/my_bot/local_setup.dsv
[0.056s] -- Symlinking: /home/vivek/multi-bot-nav/multi-bot_ws/install/my_bot/share/my_bot/package.dsv
[0.064s] -- Up-to-date symlink: /home/vivek/multi-bot-nav/multi-bot_ws/install/my_bot/share/ament_index/resource_index/packages/my_bot
[0.064s] -- Up-to-date symlink: /home/vivek/multi-bot-nav/multi-bot_ws/install/my_bot/share/my_bot/cmake/my_botConfig.cmake
[0.064s] -- Up-to-date symlink: /home/vivek/multi-bot-nav/multi-bot_ws/install/my_bot/share/my_bot/cmake/my_botConfig-version.cmake
[0.064s] -- Up-to-date symlink: /home/vivek/multi-bot-nav/multi-bot_ws/install/my_bot/share/my_bot/package.xml
[0.066s] Invoked command in '/home/vivek/multi-bot-nav/multi-bot_ws/build/my_bot' returned '0': CMAKE_PREFIX_PATH=${CMAKE_PREFIX_PATH}:/opt/ros/humble /usr/bin/cmake --install /home/vivek/multi-bot-nav/multi-bot_ws/build/my_bot
