[0.010s] Invoking command in '/home/vivek/multi-bot-nav/multi-bot_ws/build/my_bot': CMAKE_PREFIX_PATH=${CMAKE_PREFIX_PATH}:/opt/ros/humble /usr/bin/cmake /home/vivek/multi-bot-nav/multi-bot_ws/src/my_bot -DAMENT_CMAKE_SYMLINK_INSTALL=1 -DCMAKE_INSTALL_PREFIX=/home/vivek/multi-bot-nav/multi-bot_ws/install/my_bot
[0.145s] -- The C compiler identification is GNU 11.4.0
[0.278s] -- The CXX compiler identification is GNU 11.4.0
[0.291s] -- Detecting C compiler ABI info
[0.346s] -- Detecting C compiler ABI info - done
[0.352s] -- Check for working C compiler: /usr/lib/ccache/cc - skipped
[0.353s] -- Detecting C compile features
[0.353s] -- Detecting C compile features - done
[0.357s] -- Detecting CXX compiler ABI info
[0.410s] -- Detecting CXX compiler ABI info - done
[0.415s] -- Check for working CXX compiler: /usr/lib/ccache/c++ - skipped
[0.415s] -- Detecting CXX compile features
[0.415s] -- Detecting CXX compile features - done
[0.420s] -- Found ament_cmake: 1.3.11 (/opt/ros/humble/share/ament_cmake/cmake)
[0.537s] -- Found Python3: /usr/bin/python3 (found version "3.10.12") found components: Interpreter 
[0.587s] -- Override CMake install command with custom implementation using symlinks instead of copying resources
[0.634s] -- Found ament_lint_auto: 0.12.11 (/opt/ros/humble/share/ament_lint_auto/cmake)
[0.714s] -- Added test 'flake8' to check Python code syntax and style conventions
[0.715s] -- Added test 'lint_cmake' to check CMake code style
[0.716s] -- Added test 'pep257' to check Python code against some of the docstring style conventions in PEP 257
[0.717s] -- Added test 'xmllint' to check XML markup files
[0.718s] -- Configuring done
[0.720s] -- Generating done
[0.720s] -- Build files have been written to: /home/vivek/multi-bot-nav/multi-bot_ws/build/my_bot
[0.724s] Invoked command in '/home/vivek/multi-bot-nav/multi-bot_ws/build/my_bot' returned '0': CMAKE_PREFIX_PATH=${CMAKE_PREFIX_PATH}:/opt/ros/humble /usr/bin/cmake /home/vivek/multi-bot-nav/multi-bot_ws/src/my_bot -DAMENT_CMAKE_SYMLINK_INSTALL=1 -DCMAKE_INSTALL_PREFIX=/home/vivek/multi-bot-nav/multi-bot_ws/install/my_bot
[0.725s] Invoking command in '/home/vivek/multi-bot-nav/multi-bot_ws/build/my_bot': CMAKE_PREFIX_PATH=${CMAKE_PREFIX_PATH}:/opt/ros/humble /usr/bin/cmake --build /home/vivek/multi-bot-nav/multi-bot_ws/build/my_bot -- -j8 -l8
[0.755s] Invoked command in '/home/vivek/multi-bot-nav/multi-bot_ws/build/my_bot' returned '0': CMAKE_PREFIX_PATH=${CMAKE_PREFIX_PATH}:/opt/ros/humble /usr/bin/cmake --build /home/vivek/multi-bot-nav/multi-bot_ws/build/my_bot -- -j8 -l8
[0.765s] Invoking command in '/home/vivek/multi-bot-nav/multi-bot_ws/build/my_bot': CMAKE_PREFIX_PATH=${CMAKE_PREFIX_PATH}:/opt/ros/humble /usr/bin/cmake --install /home/vivek/multi-bot-nav/multi-bot_ws/build/my_bot
[0.773s] -- Install configuration: ""
[0.773s] -- Execute custom install script
[0.773s] -- Symlinking: /home/vivek/multi-bot-nav/multi-bot_ws/install/my_bot/share/ament_index/resource_index/package_run_dependencies/my_bot
[0.780s] -- Symlinking: /home/vivek/multi-bot-nav/multi-bot_ws/install/my_bot/share/ament_index/resource_index/parent_prefix_path/my_bot
[0.791s] -- Symlinking: /home/vivek/multi-bot-nav/multi-bot_ws/install/my_bot/share/my_bot/environment/ament_prefix_path.sh
[0.801s] -- Symlinking: /home/vivek/multi-bot-nav/multi-bot_ws/install/my_bot/share/my_bot/environment/ament_prefix_path.dsv
[0.809s] -- Symlinking: /home/vivek/multi-bot-nav/multi-bot_ws/install/my_bot/share/my_bot/environment/path.sh
[0.819s] -- Symlinking: /home/vivek/multi-bot-nav/multi-bot_ws/install/my_bot/share/my_bot/environment/path.dsv
[0.827s] -- Symlinking: /home/vivek/multi-bot-nav/multi-bot_ws/install/my_bot/share/my_bot/local_setup.bash
[0.834s] -- Symlinking: /home/vivek/multi-bot-nav/multi-bot_ws/install/my_bot/share/my_bot/local_setup.sh
[0.841s] -- Symlinking: /home/vivek/multi-bot-nav/multi-bot_ws/install/my_bot/share/my_bot/local_setup.zsh
[0.848s] -- Symlinking: /home/vivek/multi-bot-nav/multi-bot_ws/install/my_bot/share/my_bot/local_setup.dsv
[0.854s] -- Symlinking: /home/vivek/multi-bot-nav/multi-bot_ws/install/my_bot/share/my_bot/package.dsv
[0.861s] -- Symlinking: /home/vivek/multi-bot-nav/multi-bot_ws/install/my_bot/share/ament_index/resource_index/packages/my_bot
[0.867s] -- Symlinking: /home/vivek/multi-bot-nav/multi-bot_ws/install/my_bot/share/my_bot/cmake/my_botConfig.cmake
[0.878s] -- Symlinking: /home/vivek/multi-bot-nav/multi-bot_ws/install/my_bot/share/my_bot/cmake/my_botConfig-version.cmake
[0.884s] -- Symlinking: /home/vivek/multi-bot-nav/multi-bot_ws/install/my_bot/share/my_bot/package.xml
[0.893s] Invoked command in '/home/vivek/multi-bot-nav/multi-bot_ws/build/my_bot' returned '0': CMAKE_PREFIX_PATH=${CMAKE_PREFIX_PATH}:/opt/ros/humble /usr/bin/cmake --install /home/vivek/multi-bot-nav/multi-bot_ws/build/my_bot
